@!@!@STARTMSG 2262:0 @!@!@
TLC2 Version 2026.03.12.220102 (rev: 0a0bffb)
@!@!@ENDMSG 2262 @!@!@
@!@!@STARTMSG 2187:0 @!@!@
Running breadth-first search Model-Checking with fp 90 and seed 2678678848511316022 with 1 worker on 4 cores with 3573MB heap and 64MB offheap memory [pid: 18780] (Windows 10 10.0 amd64, Oracle Corporation 17.0.12 64bit, MSBDiskFPSet, DiskStateQueue).
@!@!@ENDMSG 2187 @!@!@
@!@!@STARTMSG 2220:0 @!@!@
Starting SANY...
@!@!@ENDMSG 2220 @!@!@
Parsing file E:\Tester\BaiGiuaKy\TLAGK (1)\CartRaceCondition.tla (file:/e:/Tester/BaiGiuaKy/TLAGK%20(1)/CartRaceCondition.tla)
Parsing file C:\Users\Nhat\AppData\Local\Temp\tlc-1634106444819697133\Integers.tla (jar:file:/C:/Users/Nhat/.vscode/extensions/tlaplus.vscode-ide-2026.3.122209/tools/tla2tools.jar!/tla2sany/StandardModules/Integers.tla)
Parsing file C:\Users\Nhat\AppData\Local\Temp\tlc-1634106444819697133\TLC.tla (jar:file:/C:/Users/Nhat/.vscode/extensions/tlaplus.vscode-ide-2026.3.122209/tools/tla2tools.jar!/tla2sany/StandardModules/TLC.tla)
Parsing file C:\Users\Nhat\AppData\Local\Temp\tlc-1634106444819697133\_TLCTrace.tla (jar:file:/C:/Users/Nhat/.vscode/extensions/tlaplus.vscode-ide-2026.3.122209/tools/tla2tools.jar!/tla2sany/StandardModules/_TLCTrace.tla)
Parsing file C:\Users\Nhat\AppData\Local\Temp\tlc-1634106444819697133\Naturals.tla (jar:file:/C:/Users/Nhat/.vscode/extensions/tlaplus.vscode-ide-2026.3.122209/tools/tla2tools.jar!/tla2sany/StandardModules/Naturals.tla)
Parsing file C:\Users\Nhat\AppData\Local\Temp\tlc-1634106444819697133\Sequences.tla (jar:file:/C:/Users/Nhat/.vscode/extensions/tlaplus.vscode-ide-2026.3.122209/tools/tla2tools.jar!/tla2sany/StandardModules/Sequences.tla)
Parsing file C:\Users\Nhat\AppData\Local\Temp\tlc-1634106444819697133\FiniteSets.tla (jar:file:/C:/Users/Nhat/.vscode/extensions/tlaplus.vscode-ide-2026.3.122209/tools/tla2tools.jar!/tla2sany/StandardModules/FiniteSets.tla)
Parsing file C:\Users\Nhat\AppData\Local\Temp\tlc-1634106444819697133\TLCExt.tla (jar:file:/C:/Users/Nhat/.vscode/extensions/tlaplus.vscode-ide-2026.3.122209/tools/tla2tools.jar!/tla2sany/StandardModules/TLCExt.tla)
Semantic processing of module Naturals
Semantic processing of module Integers
Semantic processing of module Sequences
Semantic processing of module FiniteSets
Semantic processing of module TLC
Semantic processing of module TLCExt
Semantic processing of module _TLCTrace
Semantic processing of module CartRaceCondition
Linting of module TLCExt
Linting of module _TLCTrace
Linting of module CartRaceCondition
@!@!@STARTMSG 2219:0 @!@!@
SANY finished.
@!@!@ENDMSG 2219 @!@!@
@!@!@STARTMSG 2185:0 @!@!@
Starting... (2026-03-16 18:49:57)
@!@!@ENDMSG 2185 @!@!@
@!@!@STARTMSG 2189:0 @!@!@
Computing initial states...
@!@!@ENDMSG 2189 @!@!@
@!@!@STARTMSG 2190:0 @!@!@
Finished computing initial states: 1 distinct state generated at 2026-03-16 18:49:57.
@!@!@ENDMSG 2190 @!@!@
@!@!@STARTMSG 2110:1 @!@!@
Invariant ConsistentTotal is violated.
@!@!@ENDMSG 2110 @!@!@
@!@!@STARTMSG 2121:1 @!@!@
The behavior up to this point is:
@!@!@ENDMSG 2121 @!@!@
@!@!@STARTMSG 2217:4 @!@!@
1: <Initial predicate>
/\ qty_laptop = 1
/\ qty_mouse = 1
/\ temp_total = [A |-> 0, B |-> 0]
/\ cart_total = 1050

@!@!@ENDMSG 2217 @!@!@
@!@!@STARTMSG 2217:4 @!@!@
2: <AddLaptop("A") line 24, col 5 to line 27, col 26 of module CartRaceCondition>
/\ qty_laptop = 2
/\ qty_mouse = 1
/\ temp_total = [A |-> 1050, B |-> 0]
/\ cart_total = 1000

@!@!@ENDMSG 2217 @!@!@
"CounterExample written: e:\\Tester\\BaiGiuaKy\\TLAGK (1)\\CartRaceCondition_trace_T2026-03-16_11-49-56_F90_W1_Mbfs.tlc"
@!@!@STARTMSG 2201:0 @!@!@
The coverage statistics at 2026-03-16 18:49:57 (see https://explain.tlapl.us/module-coverage-statistics for how to interpret the following statistics).
@!@!@ENDMSG 2201 @!@!@
@!@!@STARTMSG 2779:0 @!@!@
<qty_laptop line 10, col 5 to line 10, col 14 of module CartRaceCondition>: 0
@!@!@ENDMSG 2779 @!@!@
@!@!@STARTMSG 2779:0 @!@!@
<qty_mouse line 11, col 5 to line 11, col 13 of module CartRaceCondition>: 0
@!@!@ENDMSG 2779 @!@!@
@!@!@STARTMSG 2779:0 @!@!@
<temp_total line 12, col 5 to line 12, col 14 of module CartRaceCondition>: 0
@!@!@ENDMSG 2779 @!@!@
@!@!@STARTMSG 2779:0 @!@!@
<cart_total line 9, col 5 to line 9, col 14 of module CartRaceCondition>: 0
@!@!@ENDMSG 2779 @!@!@
@!@!@STARTMSG 2773:0 @!@!@
<Init line 17, col 1 to line 17, col 4 of module CartRaceCondition>: 2:2
@!@!@ENDMSG 2773 @!@!@
@!@!@STARTMSG 2221:0 @!@!@
  line 21, col 8 to line 21, col 41 of module CartRaceCondition: 2
@!@!@ENDMSG 2221 @!@!@
@!@!@STARTMSG 2775:0 @!@!@
  |line 21, col 21 to line 21, col 41 of module CartRaceCondition: 2:4
@!@!@ENDMSG 2775 @!@!@
@!@!@STARTMSG 2221:0 @!@!@
  ||line 21, col 28 to line 21, col 34 of module CartRaceCondition: 2
@!@!@ENDMSG 2221 @!@!@
@!@!@STARTMSG 2772:0 @!@!@
<AddLaptop line 23, col 1 to line 23, col 12 of module CartRaceCondition>: 1:3
@!@!@ENDMSG 2772 @!@!@
@!@!@STARTMSG 2221:0 @!@!@
  line 24, col 8 to line 24, col 58 of module CartRaceCondition: 2
@!@!@ENDMSG 2221 @!@!@
@!@!@STARTMSG 2221:0 @!@!@
  |line 24, col 22 to line 24, col 58 of module CartRaceCondition: 3
@!@!@ENDMSG 2221 @!@!@
@!@!@STARTMSG 2221:0 @!@!@
  line 25, col 8 to line 25, col 35 of module CartRaceCondition: 2
@!@!@ENDMSG 2221 @!@!@
@!@!@STARTMSG 2221:0 @!@!@
  |line 25, col 22 to line 25, col 35 of module CartRaceCondition: 3
@!@!@ENDMSG 2221 @!@!@
@!@!@STARTMSG 2221:0 @!@!@
  line 26, col 8 to line 26, col 49 of module CartRaceCondition: 2
@!@!@ENDMSG 2221 @!@!@
@!@!@STARTMSG 2221:0 @!@!@
  |line 26, col 22 to line 26, col 49 of module CartRaceCondition: 3
@!@!@ENDMSG 2221 @!@!@
@!@!@STARTMSG 2221:0 @!@!@
  line 27, col 8 to line 27, col 26 of module CartRaceCondition: 2
@!@!@ENDMSG 2221 @!@!@
@!@!@STARTMSG 2772:0 @!@!@
<AddMouse line 29, col 1 to line 29, col 11 of module CartRaceCondition>: 0:0
@!@!@ENDMSG 2772 @!@!@
@!@!@STARTMSG 2221:0 @!@!@
  line 30, col 8 to line 30, col 58 of module CartRaceCondition: 0
@!@!@ENDMSG 2221 @!@!@
@!@!@STARTMSG 2221:0 @!@!@
  line 31, col 8 to line 31, col 33 of module CartRaceCondition: 0
@!@!@ENDMSG 2221 @!@!@
@!@!@STARTMSG 2221:0 @!@!@
  line 32, col 8 to line 32, col 48 of module CartRaceCondition: 0
@!@!@ENDMSG 2221 @!@!@
@!@!@STARTMSG 2221:0 @!@!@
  line 33, col 8 to line 33, col 27 of module CartRaceCondition: 0
@!@!@ENDMSG 2221 @!@!@
@!@!@STARTMSG 2772:0 @!@!@
<DecLaptop line 35, col 1 to line 35, col 12 of module CartRaceCondition>: 0:0
@!@!@ENDMSG 2772 @!@!@
@!@!@STARTMSG 2221:0 @!@!@
  line 37, col 8 to line 37, col 58 of module CartRaceCondition: 0
@!@!@ENDMSG 2221 @!@!@
@!@!@STARTMSG 2221:0 @!@!@
  line 38, col 8 to line 38, col 35 of module CartRaceCondition: 0
@!@!@ENDMSG 2221 @!@!@
@!@!@STARTMSG 2221:0 @!@!@
  line 39, col 8 to line 39, col 49 of module CartRaceCondition: 0
@!@!@ENDMSG 2221 @!@!@
@!@!@STARTMSG 2221:0 @!@!@
  line 40, col 8 to line 40, col 26 of module CartRaceCondition: 0
@!@!@ENDMSG 2221 @!@!@
@!@!@STARTMSG 2772:0 @!@!@
<RemoveLaptop line 42, col 1 to line 42, col 15 of module CartRaceCondition>: 0:0
@!@!@ENDMSG 2772 @!@!@
@!@!@STARTMSG 2221:0 @!@!@
  line 44, col 8 to line 44, col 58 of module CartRaceCondition: 0
@!@!@ENDMSG 2221 @!@!@
@!@!@STARTMSG 2221:0 @!@!@
  line 45, col 8 to line 45, col 64 of module CartRaceCondition: 0
@!@!@ENDMSG 2221 @!@!@
@!@!@STARTMSG 2221:0 @!@!@
  line 46, col 8 to line 46, col 22 of module CartRaceCondition: 0
@!@!@ENDMSG 2221 @!@!@
@!@!@STARTMSG 2221:0 @!@!@
  line 47, col 8 to line 47, col 26 of module CartRaceCondition: 0
@!@!@ENDMSG 2221 @!@!@
@!@!@STARTMSG 2772:0 @!@!@
<RemoveMouse line 49, col 1 to line 49, col 14 of module CartRaceCondition>: 0:0
@!@!@ENDMSG 2772 @!@!@
@!@!@STARTMSG 2221:0 @!@!@
  line 51, col 8 to line 51, col 58 of module CartRaceCondition: 0
@!@!@ENDMSG 2221 @!@!@
@!@!@STARTMSG 2221:0 @!@!@
  line 52, col 8 to line 52, col 62 of module CartRaceCondition: 0
@!@!@ENDMSG 2221 @!@!@
@!@!@STARTMSG 2221:0 @!@!@
  line 53, col 8 to line 53, col 21 of module CartRaceCondition: 0
@!@!@ENDMSG 2221 @!@!@
@!@!@STARTMSG 2221:0 @!@!@
  line 54, col 8 to line 54, col 27 of module CartRaceCondition: 0
@!@!@ENDMSG 2221 @!@!@
@!@!@STARTMSG 2774:0 @!@!@
<ConsistentTotal line 64, col 1 to line 64, col 15 of module CartRaceCondition>
@!@!@ENDMSG 2774 @!@!@
@!@!@STARTMSG 2221:0 @!@!@
  line 65, col 5 to line 65, col 68 of module CartRaceCondition: 2
@!@!@ENDMSG 2221 @!@!@
@!@!@STARTMSG 2202:0 @!@!@
End of statistics.
@!@!@ENDMSG 2202 @!@!@
@!@!@STARTMSG 2200:0 @!@!@
Progress(2) at 2026-03-16 18:49:57: 2 states generated (220 s/min), 2 distinct states found (220 ds/min), 0 states left on queue.
@!@!@ENDMSG 2200 @!@!@
@!@!@STARTMSG 2199:0 @!@!@
2 states generated, 2 distinct states found, 0 states left on queue.
@!@!@ENDMSG 2199 @!@!@
@!@!@STARTMSG 2194:0 @!@!@
The depth of the complete state graph search is 2.
@!@!@ENDMSG 2194 @!@!@
@!@!@STARTMSG 2186:0 @!@!@
Finished in 546ms at (2026-03-16 18:49:57)
@!@!@ENDMSG 2186 @!@!@
